2021-06-21 20:46:55 INFO  class:35 - session factory created
2021-06-21 20:46:55 INFO  Version:44 - HHH000412: Hibernate ORM core version 5.5.2.Final
2021-06-21 20:46:55 INFO  Version:56 - HCANN000001: Hibernate Commons Annotations {5.1.2.Final}
2021-06-21 20:46:55 WARN  pooling:72 - HHH10001002: Using Hibernate built-in connection pool (not for production use!)
2021-06-21 20:46:55 INFO  pooling:115 - HHH10001005: using driver [null] at URL [jdbc:mysql://localhost:3306/hr]
2021-06-21 20:46:55 INFO  pooling:124 - HHH10001001: Connection properties: {password=****, user=user1}
2021-06-21 20:46:55 INFO  pooling:129 - HHH10001003: Autocommit mode: false
2021-06-21 20:46:55 INFO  DriverManagerConnectionProviderImpl:274 - HHH000115: Hibernate connection pool size: 20 (min=1)
2021-06-21 20:46:56 INFO  Dialect:175 - HHH000400: Using dialect: org.hibernate.dialect.MySQL8Dialect
2021-06-21 20:46:57 INFO  JtaPlatformInitiator:52 - HHH000490: Using JtaPlatform implementation: [org.hibernate.engine.transaction.jta.platform.internal.NoJtaPlatform]
2021-06-21 20:46:57 INFO  class:38 - session open
2021-06-21 20:46:57 INFO  class:43 - done
2021-06-21 21:15:04 INFO  class:35 - session factory created
2021-06-21 21:15:04 INFO  Version:44 - HHH000412: Hibernate ORM core version 5.5.2.Final
2021-06-21 21:15:04 INFO  Version:56 - HCANN000001: Hibernate Commons Annotations {5.1.2.Final}
2021-06-21 21:15:04 WARN  pooling:72 - HHH10001002: Using Hibernate built-in connection pool (not for production use!)
2021-06-21 21:15:04 INFO  pooling:115 - HHH10001005: using driver [null] at URL [jdbc:mysql://localhost:3306/hr]
2021-06-21 21:15:04 INFO  pooling:124 - HHH10001001: Connection properties: {password=****, user=user1}
2021-06-21 21:15:04 INFO  pooling:129 - HHH10001003: Autocommit mode: false
2021-06-21 21:15:04 INFO  DriverManagerConnectionProviderImpl:274 - HHH000115: Hibernate connection pool size: 20 (min=1)
2021-06-21 21:15:05 INFO  Dialect:175 - HHH000400: Using dialect: org.hibernate.dialect.MySQL8Dialect
2021-06-21 21:15:06 INFO  JtaPlatformInitiator:52 - HHH000490: Using JtaPlatform implementation: [org.hibernate.engine.transaction.jta.platform.internal.NoJtaPlatform]
2021-06-21 21:15:06 INFO  class:38 - session open
2021-06-21 21:15:06 INFO  class:43 - done
2021-06-21 21:19:10 INFO  class:36 - session factory created
2021-06-21 21:19:10 INFO  Version:44 - HHH000412: Hibernate ORM core version 5.5.2.Final
2021-06-21 21:19:10 INFO  Version:56 - HCANN000001: Hibernate Commons Annotations {5.1.2.Final}
2021-06-21 21:19:10 WARN  pooling:72 - HHH10001002: Using Hibernate built-in connection pool (not for production use!)
2021-06-21 21:19:10 INFO  pooling:115 - HHH10001005: using driver [null] at URL [jdbc:mysql://localhost:3306/hr]
2021-06-21 21:19:10 INFO  pooling:124 - HHH10001001: Connection properties: {password=****, user=user1}
2021-06-21 21:19:10 INFO  pooling:129 - HHH10001003: Autocommit mode: false
2021-06-21 21:19:10 INFO  DriverManagerConnectionProviderImpl:274 - HHH000115: Hibernate connection pool size: 20 (min=1)
2021-06-21 21:19:11 INFO  Dialect:175 - HHH000400: Using dialect: org.hibernate.dialect.MySQL8Dialect
2021-06-21 21:19:11 INFO  JtaPlatformInitiator:52 - HHH000490: Using JtaPlatform implementation: [org.hibernate.engine.transaction.jta.platform.internal.NoJtaPlatform]
2021-06-21 21:19:11 INFO  class:40 - session open
2021-06-21 21:19:12 INFO  class:45 - done
2021-06-21 21:22:46 INFO  class:32 - session factory created
2021-06-21 21:22:46 INFO  Version:44 - HHH000412: Hibernate ORM core version 5.5.2.Final
2021-06-21 21:22:46 INFO  Version:56 - HCANN000001: Hibernate Commons Annotations {5.1.2.Final}
2021-06-21 21:22:46 WARN  pooling:72 - HHH10001002: Using Hibernate built-in connection pool (not for production use!)
2021-06-21 21:22:46 INFO  pooling:115 - HHH10001005: using driver [null] at URL [jdbc:mysql://localhost:3306/hr]
2021-06-21 21:22:46 INFO  pooling:124 - HHH10001001: Connection properties: {password=****, user=user1}
2021-06-21 21:22:46 INFO  pooling:129 - HHH10001003: Autocommit mode: false
2021-06-21 21:22:46 INFO  DriverManagerConnectionProviderImpl:274 - HHH000115: Hibernate connection pool size: 20 (min=1)
2021-06-21 21:22:47 INFO  Dialect:175 - HHH000400: Using dialect: org.hibernate.dialect.MySQL8Dialect
2021-06-21 21:22:48 INFO  JtaPlatformInitiator:52 - HHH000490: Using JtaPlatform implementation: [org.hibernate.engine.transaction.jta.platform.internal.NoJtaPlatform]
2021-06-21 21:22:48 INFO  class:36 - session open
2021-06-21 21:22:48 INFO  class:41 - done
2021-06-21 21:30:26 INFO  class:32 - session factory created
2021-06-21 21:30:26 INFO  Version:44 - HHH000412: Hibernate ORM core version 5.5.2.Final
2021-06-21 21:30:27 INFO  Version:56 - HCANN000001: Hibernate Commons Annotations {5.1.2.Final}
2021-06-21 21:30:27 WARN  pooling:72 - HHH10001002: Using Hibernate built-in connection pool (not for production use!)
2021-06-21 21:30:27 INFO  pooling:115 - HHH10001005: using driver [null] at URL [jdbc:mysql://localhost:3306/hr]
2021-06-21 21:30:27 INFO  pooling:124 - HHH10001001: Connection properties: {password=****, user=user1}
2021-06-21 21:30:27 INFO  pooling:129 - HHH10001003: Autocommit mode: false
2021-06-21 21:30:27 INFO  DriverManagerConnectionProviderImpl:274 - HHH000115: Hibernate connection pool size: 20 (min=1)
2021-06-21 21:30:27 INFO  Dialect:175 - HHH000400: Using dialect: org.hibernate.dialect.MySQL8Dialect
2021-06-21 21:30:28 INFO  JtaPlatformInitiator:52 - HHH000490: Using JtaPlatform implementation: [org.hibernate.engine.transaction.jta.platform.internal.NoJtaPlatform]
2021-06-21 21:30:28 INFO  class:36 - session open
2021-06-21 21:30:28 INFO  class:41 - done
2021-06-21 21:30:53 INFO  class:32 - session factory created
2021-06-21 21:30:53 INFO  Version:44 - HHH000412: Hibernate ORM core version 5.5.2.Final
2021-06-21 21:30:54 INFO  Version:56 - HCANN000001: Hibernate Commons Annotations {5.1.2.Final}
2021-06-21 21:30:54 WARN  pooling:72 - HHH10001002: Using Hibernate built-in connection pool (not for production use!)
2021-06-21 21:30:54 INFO  pooling:115 - HHH10001005: using driver [null] at URL [jdbc:mysql://localhost:3306/hr]
2021-06-21 21:30:54 INFO  pooling:124 - HHH10001001: Connection properties: {password=****, user=user1}
2021-06-21 21:30:54 INFO  pooling:129 - HHH10001003: Autocommit mode: false
2021-06-21 21:30:54 INFO  DriverManagerConnectionProviderImpl:274 - HHH000115: Hibernate connection pool size: 20 (min=1)
2021-06-21 21:30:54 INFO  Dialect:175 - HHH000400: Using dialect: org.hibernate.dialect.MySQL8Dialect
2021-06-21 21:30:55 INFO  JtaPlatformInitiator:52 - HHH000490: Using JtaPlatform implementation: [org.hibernate.engine.transaction.jta.platform.internal.NoJtaPlatform]
2021-06-21 21:30:55 INFO  class:36 - session open
2021-06-21 21:30:55 INFO  class:41 - done
